<?xml version="1.0" encoding="UTF-8" ?>
<testsuite failures="1" time="0.04" errors="0" skipped="0" tests="2" name="org.apache.maven.surefireReport.surefireReportTest.MyClassTest">
  <properties>
[...]
</properties>
  <testcase time="0.005" classname="org.apache.maven.surefireReport.surefireReportTest.module1.MyDummyClassM1Test" name="testGetFooKO">
    <failure message="expected:&lt;18&gt; but was:&lt;42&gt;" type="junit.framework.AssertionFailedError">junit.framework.AssertionFailedError: expected:&lt;18&gt; but was:&lt;42&gt;
	at junit.framework.Assert.fail(Assert.java:47)
	at junit.framework.Assert.failNotEquals(Assert.java:280)
	at junit.framework.Assert.assertEquals(Assert.java:64)
	at junit.framework.Assert.assertEquals(Assert.java:198)
	at junit.framework.Assert.assertEquals(Assert.java:204)
	at org.apache.maven.surefireReport.surefireReportTest.module1.MyDummyClassTest.testGetFooKO(MyClassTest.java:10)
</failure>
  </testcase>
  <testcase time="0" classname="org.apache.maven.surefireReport.surefireReportTest.module1.MyDummyClassM1Test" name="testGetFooOK"/>
</testsuite>
