<?xml version="1.0" encoding="UTF-8" ?>
<!--
  ~ Licensed to the Apache Software Foundation (ASF) under one
  ~ or more contributor license agreements.  See the NOTICE file
  ~ distributed with this work for additional information
  ~ regarding copyright ownership.  The ASF licenses this file
  ~ to you under the Apache License, Version 2.0 (the
  ~ "License"); you may not use this file except in compliance
  ~ with the License.  You may obtain a copy of the License at
  ~
  ~     http://www.apache.org/licenses/LICENSE-2.0
  ~
  ~ Unless required by applicable law or agreed to in writing,
  ~ software distributed under the License is distributed on an
  ~ "AS IS" BASIS, WITHOUT WARRANTIES OR CONDITIONS OF ANY
  ~ KIND, either express or implied.  See the License for the
  ~ specific language governing permissions and limitations
  ~ under the License.
  -->

<testsuite errors="1" tests="8" time="0.201" failures="1" name="com.shape.CircleTest">
  <properties>
    <property value="Java(TM) 2 Runtime Environment, Standard Edition" name="java.runtime.name"/>
    <property value="c:\japps\jdk1.5.0_04\jre\bin" name="sun.boot.library.path"/>
    <property value="1.5.0_04-b05" name="java.vm.version"/>
    <property value="Sun Microsystems Inc." name="java.vm.vendor"/>
    <property value="http://java.sun.com/" name="java.vendor.url"/>
    <property value=";" name="path.separator"/>
    <property value="Java HotSpot(TM) Client VM" name="java.vm.name"/>
    <property value="sun.io" name="file.encoding.pkg"/>
    <property value="US" name="user.country"/>
    <property value="Service Pack 2" name="sun.os.patch.level"/>
    <property value="Java Virtual Machine Specification" name="java.vm.specification.name"/>
    <property value="C:\JAppsCode\mergere-maven\plugins\sample-projects\junit-report-tester" name="user.dir"/>
    <property value="1.5.0_04-b05" name="java.runtime.version"/>
    <property value="sun.awt.Win32GraphicsEnvironment" name="java.awt.graphicsenv"/>
    <property value="C:\JAppsCode\mergere-maven\plugins\sample-projects\junit-report-tester" name="basedir"/>
    <property value="c:\japps\jdk1.5.0_04\jre\lib\endorsed" name="java.endorsed.dirs"/>
    <property value="x86" name="os.arch"/>
    <property value="C:\DOCUME~1\Jontri\LOCALS~1\Temp\" name="java.io.tmpdir"/>
    <property value="
" name="line.separator"/>
    <property value="Sun Microsystems Inc." name="java.vm.specification.vendor"/>
    <property value="" name="user.variant"/>
    <property value="Windows XP" name="os.name"/>
    <property value="C:\JApps\maven-2.0-beta-1\bin\m2.conf" name="classworlds.conf"/>
    <property value="Cp1252" name="sun.jnu.encoding"/>
    <property
        value="c:\japps\jdk1.5.0_04\bin;.;C:\WINDOWS\system32;C:\WINDOWS;C:\WINDOWS\system32;C:\WINDOWS;C:\WINDOWS\System32\Wbem;C:\Program Files\ATI Technologies\ATI Control Panel;C:\JApps\maven-2.0-beta-1\bin;C:\JApps\maven-1.0.2\bin;c:\BatchFile;C:\Program Files\cvsnt;C:\JApps\svn-1.1.4\bin;C:\JApps\ant-1.6.2\bin;"
        name="java.library.path"/>
    <property value="Java Platform API Specification" name="java.specification.name"/>
    <property value="49.0" name="java.class.version"/>
    <property value="HotSpot Client Compiler" name="sun.management.compiler"/>
    <property value="5.1" name="os.version"/>
    <property value="C:\Documents and Settings\Jontri" name="user.home"/>
    <property value="Asia/Shanghai" name="user.timezone"/>
    <property value="sun.awt.windows.WPrinterJob" name="java.awt.printerjob"/>
    <property value="Cp1252" name="file.encoding"/>
    <property value="1.5" name="java.specification.version"/>
    <property value="Jontri" name="user.name"/>
    <property value="C:\JApps\maven-2.0-beta-1\core\boot\classworlds-1.1-alpha-2.jar" name="java.class.path"/>
    <property value="1.0" name="java.vm.specification.version"/>
    <property value="32" name="sun.arch.data.model"/>
    <property value="c:\japps\jdk1.5.0_04\jre" name="java.home"/>
    <property value="Sun Microsystems Inc." name="java.specification.vendor"/>
    <property value="en" name="user.language"/>
    <property value="sun.awt.windows.WToolkit" name="awt.toolkit"/>
    <property value="mixed mode, sharing" name="java.vm.info"/>
    <property value="1.5.0_04" name="java.version"/>
    <property value="c:\japps\jdk1.5.0_04\jre\lib\ext" name="java.ext.dirs"/>
    <property
        value="c:\japps\jdk1.5.0_04\jre\lib\rt.jar;c:\japps\jdk1.5.0_04\jre\lib\i18n.jar;c:\japps\jdk1.5.0_04\jre\lib\sunrsasign.jar;c:\japps\jdk1.5.0_04\jre\lib\jsse.jar;c:\japps\jdk1.5.0_04\jre\lib\jce.jar;c:\japps\jdk1.5.0_04\jre\lib\charsets.jar;c:\japps\jdk1.5.0_04\jre\classes"
        name="sun.boot.class.path"/>
    <property value="Sun Microsystems Inc." name="java.vendor"/>
    <property value="C:\JApps\maven-2.0-beta-1" name="maven.home"/>
    <property value="C:\Documents and Settings\Jontri\.m2\repository" name="localRepository"/>
    <property value="\" name="file.separator"/>
    <property value="http://java.sun.com/cgi-bin/bugreport.cgi" name="java.vendor.url.bug"/>
    <property value="little" name="sun.cpu.endian"/>
    <property value="UnicodeLittle" name="sun.io.unicode.encoding"/>
    <property value="windows" name="sun.desktop"/>
    <property value="pentium_pro+mmx pentium_pro pentium+mmx pentium i486 i386 i86" name="sun.cpu.isalist"/>
  </properties>
  <testcase time="0.01" name="testX"/>
  <testcase time="0" name="testY"/>
  <testcase time="0" name="testXY"/>
  <testcase time="0.01" name="testRadius">
    <failure type="junit.framework.AssertionFailedError" message="expected:&lt;20&gt; but was:&lt;10&gt;">
      junit.framework.AssertionFailedError: expected:&lt;20&gt; but was:&lt;10&gt;
      at junit.framework.Assert.fail(Assert.java:47)
      at junit.framework.Assert.failNotEquals(Assert.java:282)
      at junit.framework.Assert.assertEquals(Assert.java:64)
      at junit.framework.Assert.assertEquals(Assert.java:201)
      at junit.framework.Assert.assertEquals(Assert.java:207)
      at com.shape.CircleTest.testRadius(CircleTest.java:34)
      at sun.reflect.NativeMethodAccessorImpl.invoke0(Native Method)
      at sun.reflect.NativeMethodAccessorImpl.invoke(NativeMethodAccessorImpl.java:39)
      at sun.reflect.DelegatingMethodAccessorImpl.invoke(DelegatingMethodAccessorImpl.java:25)
      at java.lang.reflect.Method.invoke(Method.java:585)
      at junit.framework.TestCase.runTest(TestCase.java:154)
      at junit.framework.TestCase.runBare(TestCase.java:127)
      at junit.framework.TestResult$1.protect(TestResult.java:106)
      at junit.framework.TestResult.runProtected(TestResult.java:124)
      at junit.framework.TestResult.run(TestResult.java:109)
      at junit.framework.TestCase.run(TestCase.java:118)
      at junit.framework.TestSuite.runTest(TestSuite.java:208)
      at junit.framework.TestSuite.run(TestSuite.java:203)
      at sun.reflect.NativeMethodAccessorImpl.invoke0(Native Method)
      at sun.reflect.NativeMethodAccessorImpl.invoke(NativeMethodAccessorImpl.java:39)
      at sun.reflect.DelegatingMethodAccessorImpl.invoke(DelegatingMethodAccessorImpl.java:25)
      at java.lang.reflect.Method.invoke(Method.java:585)
      at org.codehaus.surefire.battery.JUnitBattery.executeJUnit(JUnitBattery.java:246)
      at org.codehaus.surefire.battery.JUnitBattery.execute(JUnitBattery.java:220)
      at org.codehaus.surefire.Surefire.executeBattery(Surefire.java:203)
      at org.codehaus.surefire.Surefire.run(Surefire.java:152)
      at org.codehaus.surefire.Surefire.run(Surefire.java:76)
      at sun.reflect.NativeMethodAccessorImpl.invoke0(Native Method)
      at sun.reflect.NativeMethodAccessorImpl.invoke(NativeMethodAccessorImpl.java:39)
      at sun.reflect.DelegatingMethodAccessorImpl.invoke(DelegatingMethodAccessorImpl.java:25)
      at java.lang.reflect.Method.invoke(Method.java:585)
      at org.codehaus.surefire.SurefireBooter.run(SurefireBooter.java:104)
      at org.apache.maven.test.SurefirePlugin.execute(SurefirePlugin.java:241)
      at org.apache.maven.plugin.DefaultPluginManager.executeMojo(DefaultPluginManager.java:357)
      at org.apache.maven.lifecycle.DefaultLifecycleExecutor.executeGoals(DefaultLifecycleExecutor.java:479)
      at org.apache.maven.lifecycle.DefaultLifecycleExecutor.executeGoalWithLifecycle(DefaultLifecycleExecutor.java:452)
      at org.apache.maven.lifecycle.DefaultLifecycleExecutor.executeGoal(DefaultLifecycleExecutor.java:438)
      at org.apache.maven.lifecycle.DefaultLifecycleExecutor.executeTaskSegments(DefaultLifecycleExecutor.java:273)
      at org.apache.maven.lifecycle.DefaultLifecycleExecutor.execute(DefaultLifecycleExecutor.java:131)
      at org.apache.maven.DefaultMaven.execute(DefaultMaven.java:186)
      at org.apache.maven.cli.MavenCli.main(MavenCli.java:316)
      at sun.reflect.NativeMethodAccessorImpl.invoke0(Native Method)
      at sun.reflect.NativeMethodAccessorImpl.invoke(NativeMethodAccessorImpl.java:39)
      at sun.reflect.DelegatingMethodAccessorImpl.invoke(DelegatingMethodAccessorImpl.java:25)
      at java.lang.reflect.Method.invoke(Method.java:585)
      at org.codehaus.classworlds.Launcher.launchEnhanced(Launcher.java:315)
      at org.codehaus.classworlds.Launcher.launch(Launcher.java:255)
      at org.codehaus.classworlds.Launcher.mainWithExitCode(Launcher.java:430)
      at org.codehaus.classworlds.Launcher.main(Launcher.java:375)
    </failure>
    <system-out>[OUT] : Getting the diameter
    </system-out>
    <system-err>[ERR] : Getting the Circumference
    </system-err>
  </testcase>
  <testcase time="0.02" name="testProperties">
    <error type="java.lang.ArithmeticException" message="/ by zero">java.lang.ArithmeticException: / by zero
      at com.shape.CircleTest.testProperties(CircleTest.java:44)
      at sun.reflect.NativeMethodAccessorImpl.invoke0(Native Method)
      at sun.reflect.NativeMethodAccessorImpl.invoke(NativeMethodAccessorImpl.java:39)
      at sun.reflect.DelegatingMethodAccessorImpl.invoke(DelegatingMethodAccessorImpl.java:25)
      at java.lang.reflect.Method.invoke(Method.java:585)
      at junit.framework.TestCase.runTest(TestCase.java:154)
      at junit.framework.TestCase.runBare(TestCase.java:127)
      at junit.framework.TestResult$1.protect(TestResult.java:106)
      at junit.framework.TestResult.runProtected(TestResult.java:124)
      at junit.framework.TestResult.run(TestResult.java:109)
      at junit.framework.TestCase.run(TestCase.java:118)
      at junit.framework.TestSuite.runTest(TestSuite.java:208)
      at junit.framework.TestSuite.run(TestSuite.java:203)
      at sun.reflect.NativeMethodAccessorImpl.invoke0(Native Method)
      at sun.reflect.NativeMethodAccessorImpl.invoke(NativeMethodAccessorImpl.java:39)
      at sun.reflect.DelegatingMethodAccessorImpl.invoke(DelegatingMethodAccessorImpl.java:25)
      at java.lang.reflect.Method.invoke(Method.java:585)
      at org.codehaus.surefire.battery.JUnitBattery.executeJUnit(JUnitBattery.java:246)
      at org.codehaus.surefire.battery.JUnitBattery.execute(JUnitBattery.java:220)
      at org.codehaus.surefire.Surefire.executeBattery(Surefire.java:203)
      at org.codehaus.surefire.Surefire.run(Surefire.java:152)
      at org.codehaus.surefire.Surefire.run(Surefire.java:76)
      at sun.reflect.NativeMethodAccessorImpl.invoke0(Native Method)
      at sun.reflect.NativeMethodAccessorImpl.invoke(NativeMethodAccessorImpl.java:39)
      at sun.reflect.DelegatingMethodAccessorImpl.invoke(DelegatingMethodAccessorImpl.java:25)
      at java.lang.reflect.Method.invoke(Method.java:585)
      at org.codehaus.surefire.SurefireBooter.run(SurefireBooter.java:104)
      at org.apache.maven.test.SurefirePlugin.execute(SurefirePlugin.java:241)
      at org.apache.maven.plugin.DefaultPluginManager.executeMojo(DefaultPluginManager.java:357)
      at org.apache.maven.lifecycle.DefaultLifecycleExecutor.executeGoals(DefaultLifecycleExecutor.java:479)
      at org.apache.maven.lifecycle.DefaultLifecycleExecutor.executeGoalWithLifecycle(DefaultLifecycleExecutor.java:452)
      at org.apache.maven.lifecycle.DefaultLifecycleExecutor.executeGoal(DefaultLifecycleExecutor.java:438)
      at org.apache.maven.lifecycle.DefaultLifecycleExecutor.executeTaskSegments(DefaultLifecycleExecutor.java:273)
      at org.apache.maven.lifecycle.DefaultLifecycleExecutor.execute(DefaultLifecycleExecutor.java:131)
      at org.apache.maven.DefaultMaven.execute(DefaultMaven.java:186)
      at org.apache.maven.cli.MavenCli.main(MavenCli.java:316)
      at sun.reflect.NativeMethodAccessorImpl.invoke0(Native Method)
      at sun.reflect.NativeMethodAccessorImpl.invoke(NativeMethodAccessorImpl.java:39)
      at sun.reflect.DelegatingMethodAccessorImpl.invoke(DelegatingMethodAccessorImpl.java:25)
      at java.lang.reflect.Method.invoke(Method.java:585)
      at org.codehaus.classworlds.Launcher.launchEnhanced(Launcher.java:315)
      at org.codehaus.classworlds.Launcher.launch(Launcher.java:255)
      at org.codehaus.classworlds.Launcher.mainWithExitCode(Launcher.java:430)
      at org.codehaus.classworlds.Launcher.main(Launcher.java:375)
    </error>
    <system-out>[OUT] : Getting the diameter
    </system-out>
    <system-err>[ERR] : Getting the Circumference
    </system-err>
  </testcase>
  <testcase time="0" name="testPI"/>
  <testcase time="0.01" name="testCircumference"/>
  <testcase time="0" name="testDiameter"/>
</testsuite>