<?xml version="1.0" encoding="UTF-8" ?>
<!--
  ~ Licensed to the Apache Software Foundation (ASF) under one
  ~ or more contributor license agreements.  See the NOTICE file
  ~ distributed with this work for additional information
  ~ regarding copyright ownership.  The ASF licenses this file
  ~ to you under the Apache License, Version 2.0 (the
  ~ "License"); you may not use this file except in compliance
  ~ with the License.  You may obtain a copy of the License at
  ~
  ~     http://www.apache.org/licenses/LICENSE-2.0
  ~
  ~ Unless required by applicable law or agreed to in writing,
  ~ software distributed under the License is distributed on an
  ~ "AS IS" BASIS, WITHOUT WARRANTIES OR CONDITIONS OF ANY
  ~ KIND, either express or implied.  See the License for the
  ~ specific language governing permissions and limitations
  ~ under the License.
  -->

<testsuite errors="0" tests="3" time="0.047" failures="3" name="NoPackageTest">
  <properties>
    <property value="Java(TM) 2 Runtime Environment, Standard Edition" name="java.runtime.name"/>
    <property value="c:\Program Files\Java\jdk1.5.0_06\jre\bin" name="sun.boot.library.path"/>
    <property value="1.5.0_06-b05" name="java.vm.version"/>
    <property value="Sun Microsystems Inc." name="java.vm.vendor"/>
    <property value="http://java.sun.com/" name="java.vendor.url"/>
    <property value=";" name="path.separator"/>
    <property value="Java HotSpot(TM) Client VM" name="java.vm.name"/>
    <property value="sun.io" name="file.encoding.pkg"/>
    <property value="US" name="user.country"/>
    <property value="Service Pack 2" name="sun.os.patch.level"/>
    <property value="Java Virtual Machine Specification" name="java.vm.specification.name"/>
    <property value="C:\dev\maven\plugins\maven-surefire-plugin\src\it\test3" name="user.dir"/>
    <property value="1.5.0_06-b05" name="java.runtime.version"/>
    <property value="sun.awt.Win32GraphicsEnvironment" name="java.awt.graphicsenv"/>
    <property value="C:\dev\maven\plugins\maven-surefire-plugin\src\it\test3" name="basedir"/>
    <property value="c:\Program Files\Java\jdk1.5.0_06\jre\lib\endorsed" name="java.endorsed.dirs"/>
    <property value="x86" name="os.arch"/>
    <property value="c:\DOCUME~1\csanchez\LOCALS~1\Temp\" name="java.io.tmpdir"/>
    <property value="
" name="line.separator"/>
    <property value="Sun Microsystems Inc." name="java.vm.specification.vendor"/>
    <property value="" name="user.variant"/>
    <property value="Windows XP" name="os.name"/>
    <property value="c:\apps\maven-2.1-SNAPSHOT/bin/m2.conf" name="classworlds.conf"/>
    <property value="Cp1252" name="sun.jnu.encoding"/>
    <property
        value="c:\Program Files\Java\jdk1.5.0_06\bin;.;C:\WINDOWS\system32;C:\WINDOWS;C:\apps\cygwin\usr\local\bin;C:\apps\cygwin\bin;C:\apps\cygwin\bin;C:\apps\cygwin\usr\X11R6\bin;c:\Program Files\ThinkPad\Utilities;c:\WINDOWS\system32;c:\WINDOWS;c:\WINDOWS\System32\Wbem;c:\Program Files\Intel\Wireless\Bin\;c:\Program Files\ATI Technologies\ATI Control Panel;c:\WINDOWS\Downloaded Program Files;c:\Program Files\PC-Doctor for Windows\services;c:\Program Files\Subversion\bin;c:\Program Files\Intel\Wireless\Bin\;c:\Program Files\Intel\Wireless\Bin\;c:\Program Files\IBM ThinkVantage\Client Security Solution;c:\apps\jwsdp-1.6\jwsdp-shared\bin;c:\apps\apache-ant-1.6.5\bin;c:\apps\maven-1.1-beta-2\bin;c:\apps\maven-2.1-SNAPSHOT\bin;c:\Program Files\Java\jdk1.5.0_06\bin;c:\Program Files\putty;c:\Program Files\ThinkPad\Utilities;c:\WINDOWS\system32;c:\WINDOWS;c:\WINDOWS\System32\Wbem;c:\Program Files\Intel\Wireless\Bin\;c:\Program Files\ATI Technologies\ATI Control Panel;c:\WINDOWS\Downloaded Program Files;c:\Program Files\PC-Doctor for Windows\services;c:\Program Files\Subversion\bin;c:\Program Files\Intel\Wireless\Bin\;c:\Program Files\Intel\Wireless\Bin\;c:\Program Files\IBM ThinkVantage\Client Security Solution"
        name="java.library.path"/>
    <property value="Java Platform API Specification" name="java.specification.name"/>
    <property value="49.0" name="java.class.version"/>
    <property value="HotSpot Client Compiler" name="sun.management.compiler"/>
    <property value="true" name="maven.test.failure.ignore"/>
    <property value="5.1" name="os.version"/>
    <property value="C:\Documents and Settings\csanchez" name="user.home"/>
    <property value="America/Los_Angeles" name="user.timezone"/>
    <property value="sun.awt.windows.WPrinterJob" name="java.awt.printerjob"/>
    <property value="Cp1252" name="file.encoding"/>
    <property value="1.5" name="java.specification.version"/>
    <property value="csanchez" name="user.name"/>
    <property value="c:\apps\maven-2.1-SNAPSHOT/core/boot/classworlds-1.1.jar" name="java.class.path"/>
    <property value="1.0" name="java.vm.specification.version"/>
    <property value="32" name="sun.arch.data.model"/>
    <property value="c:\Program Files\Java\jdk1.5.0_06\jre" name="java.home"/>
    <property value="Sun Microsystems Inc." name="java.specification.vendor"/>
    <property value="en" name="user.language"/>
    <property value="sun.awt.windows.WToolkit" name="awt.toolkit"/>
    <property value="mixed mode, sharing" name="java.vm.info"/>
    <property value="1.5.0_06" name="java.version"/>
    <property value="c:\Program Files\Java\jdk1.5.0_06\jre\lib\ext" name="java.ext.dirs"/>
    <property
        value="c:\Program Files\Java\jdk1.5.0_06\jre\lib\rt.jar;c:\Program Files\Java\jdk1.5.0_06\jre\lib\i18n.jar;c:\Program Files\Java\jdk1.5.0_06\jre\lib\sunrsasign.jar;c:\Program Files\Java\jdk1.5.0_06\jre\lib\jsse.jar;c:\Program Files\Java\jdk1.5.0_06\jre\lib\jce.jar;c:\Program Files\Java\jdk1.5.0_06\jre\lib\charsets.jar;c:\Program Files\Java\jdk1.5.0_06\jre\classes"
        name="sun.boot.class.path"/>
    <property value="Sun Microsystems Inc." name="java.vendor"/>
    <property value="c:\apps\maven-2.1-SNAPSHOT" name="maven.home"/>
    <property value="C:\Documents and Settings\csanchez\.m2\repository" name="localRepository"/>
    <property value="\" name="file.separator"/>
    <property value="http://java.sun.com/cgi-bin/bugreport.cgi" name="java.vendor.url.bug"/>
    <property value="little" name="sun.cpu.endian"/>
    <property value="UnicodeLittle" name="sun.io.unicode.encoding"/>
    <property value="windows" name="sun.desktop"/>
    <property value="pentium_pro+mmx pentium_pro pentium+mmx pentium i486 i386 i86" name="sun.cpu.isalist"/>
  </properties>
  <testcase time="0" name="testQuote">
    <failure type="junit.framework.AssertionFailedError" message="&quot;">junit.framework.AssertionFailedError: &quot;
      at junit.framework.Assert.fail(Assert.java:47)
      at NoPackageTest.testQuote(NoPackageTest.java:23)
      at sun.reflect.NativeMethodAccessorImpl.invoke0(Native Method)
      at sun.reflect.NativeMethodAccessorImpl.invoke(NativeMethodAccessorImpl.java:39)
      at sun.reflect.DelegatingMethodAccessorImpl.invoke(DelegatingMethodAccessorImpl.java:25)
      at java.lang.reflect.Method.invoke(Method.java:585)
      at junit.framework.TestCase.runTest(TestCase.java:154)
      at junit.framework.TestCase.runBare(TestCase.java:127)
      at junit.framework.TestResult$1.protect(TestResult.java:106)
      at junit.framework.TestResult.runProtected(TestResult.java:124)
      at junit.framework.TestResult.run(TestResult.java:109)
      at junit.framework.TestCase.run(TestCase.java:118)
      at junit.framework.TestSuite.runTest(TestSuite.java:208)
      at junit.framework.TestSuite.run(TestSuite.java:203)
      at sun.reflect.NativeMethodAccessorImpl.invoke0(Native Method)
      at sun.reflect.NativeMethodAccessorImpl.invoke(NativeMethodAccessorImpl.java:39)
      at sun.reflect.DelegatingMethodAccessorImpl.invoke(DelegatingMethodAccessorImpl.java:25)
      at java.lang.reflect.Method.invoke(Method.java:585)
      at org.apache.maven.surefire.battery.JUnitBattery.executeJUnit(JUnitBattery.java:242)
      at org.apache.maven.surefire.battery.JUnitBattery.execute(JUnitBattery.java:216)
      at org.apache.maven.surefire.Surefire.executeBattery(Surefire.java:215)
      at org.apache.maven.surefire.Surefire.run(Surefire.java:163)
      at org.apache.maven.surefire.Surefire.run(Surefire.java:87)
      at sun.reflect.NativeMethodAccessorImpl.invoke0(Native Method)
      at sun.reflect.NativeMethodAccessorImpl.invoke(NativeMethodAccessorImpl.java:39)
      at sun.reflect.DelegatingMethodAccessorImpl.invoke(DelegatingMethodAccessorImpl.java:25)
      at java.lang.reflect.Method.invoke(Method.java:585)
      at org.apache.maven.surefire.SurefireBooter.runTestsInProcess(SurefireBooter.java:300)
      at org.apache.maven.surefire.SurefireBooter.run(SurefireBooter.java:216)
      at org.apache.maven.test.SurefirePlugin.execute(SurefirePlugin.java:369)
      at org.apache.maven.plugin.DefaultPluginManager.executeMojo(DefaultPluginManager.java:415)
      at org.apache.maven.lifecycle.DefaultLifecycleExecutor.executeGoals(DefaultLifecycleExecutor.java:539)
      at org.apache.maven.lifecycle.DefaultLifecycleExecutor.executeGoalWithLifecycle(DefaultLifecycleExecutor.java:480)
      at org.apache.maven.lifecycle.DefaultLifecycleExecutor.forkProjectLifecycle(DefaultLifecycleExecutor.java:867)
      at org.apache.maven.lifecycle.DefaultLifecycleExecutor.forkLifecycle(DefaultLifecycleExecutor.java:739)
      at org.apache.maven.lifecycle.DefaultLifecycleExecutor.executeGoals(DefaultLifecycleExecutor.java:510)
      at org.apache.maven.lifecycle.DefaultLifecycleExecutor.executeStandaloneGoal(DefaultLifecycleExecutor.java:493)
      at org.apache.maven.lifecycle.DefaultLifecycleExecutor.executeGoal(DefaultLifecycleExecutor.java:463)
      at
      org.apache.maven.lifecycle.DefaultLifecycleExecutor.executeGoalAndHandleFailures(DefaultLifecycleExecutor.java:311)
      at org.apache.maven.lifecycle.DefaultLifecycleExecutor.executeTaskSegments(DefaultLifecycleExecutor.java:274)
      at org.apache.maven.lifecycle.DefaultLifecycleExecutor.execute(DefaultLifecycleExecutor.java:140)
      at org.apache.maven.DefaultMaven.doExecute(DefaultMaven.java:322)
      at org.apache.maven.DefaultMaven.execute(DefaultMaven.java:115)
      at org.apache.maven.cli.MavenCli.main(MavenCli.java:249)
      at sun.reflect.NativeMethodAccessorImpl.invoke0(Native Method)
      at sun.reflect.NativeMethodAccessorImpl.invoke(NativeMethodAccessorImpl.java:39)
      at sun.reflect.DelegatingMethodAccessorImpl.invoke(DelegatingMethodAccessorImpl.java:25)
      at java.lang.reflect.Method.invoke(Method.java:585)
      at org.codehaus.classworlds.Launcher.launchEnhanced(Launcher.java:315)
      at org.codehaus.classworlds.Launcher.launch(Launcher.java:255)
      at org.codehaus.classworlds.Launcher.mainWithExitCode(Launcher.java:430)
      at org.codehaus.classworlds.Launcher.main(Launcher.java:375)
    </failure>
  </testcase>
  <testcase time="0" name="testLower">
    <failure type="junit.framework.AssertionFailedError" message="&lt;">junit.framework.AssertionFailedError: &lt;
      at junit.framework.Assert.fail(Assert.java:47)
      at NoPackageTest.testLower(NoPackageTest.java:28)
      at sun.reflect.NativeMethodAccessorImpl.invoke0(Native Method)
      at sun.reflect.NativeMethodAccessorImpl.invoke(NativeMethodAccessorImpl.java:39)
      at sun.reflect.DelegatingMethodAccessorImpl.invoke(DelegatingMethodAccessorImpl.java:25)
      at java.lang.reflect.Method.invoke(Method.java:585)
      at junit.framework.TestCase.runTest(TestCase.java:154)
      at junit.framework.TestCase.runBare(TestCase.java:127)
      at junit.framework.TestResult$1.protect(TestResult.java:106)
      at junit.framework.TestResult.runProtected(TestResult.java:124)
      at junit.framework.TestResult.run(TestResult.java:109)
      at junit.framework.TestCase.run(TestCase.java:118)
      at junit.framework.TestSuite.runTest(TestSuite.java:208)
      at junit.framework.TestSuite.run(TestSuite.java:203)
      at sun.reflect.NativeMethodAccessorImpl.invoke0(Native Method)
      at sun.reflect.NativeMethodAccessorImpl.invoke(NativeMethodAccessorImpl.java:39)
      at sun.reflect.DelegatingMethodAccessorImpl.invoke(DelegatingMethodAccessorImpl.java:25)
      at java.lang.reflect.Method.invoke(Method.java:585)
      at org.apache.maven.surefire.battery.JUnitBattery.executeJUnit(JUnitBattery.java:242)
      at org.apache.maven.surefire.battery.JUnitBattery.execute(JUnitBattery.java:216)
      at org.apache.maven.surefire.Surefire.executeBattery(Surefire.java:215)
      at org.apache.maven.surefire.Surefire.run(Surefire.java:163)
      at org.apache.maven.surefire.Surefire.run(Surefire.java:87)
      at sun.reflect.NativeMethodAccessorImpl.invoke0(Native Method)
      at sun.reflect.NativeMethodAccessorImpl.invoke(NativeMethodAccessorImpl.java:39)
      at sun.reflect.DelegatingMethodAccessorImpl.invoke(DelegatingMethodAccessorImpl.java:25)
      at java.lang.reflect.Method.invoke(Method.java:585)
      at org.apache.maven.surefire.SurefireBooter.runTestsInProcess(SurefireBooter.java:300)
      at org.apache.maven.surefire.SurefireBooter.run(SurefireBooter.java:216)
      at org.apache.maven.test.SurefirePlugin.execute(SurefirePlugin.java:369)
      at org.apache.maven.plugin.DefaultPluginManager.executeMojo(DefaultPluginManager.java:415)
      at org.apache.maven.lifecycle.DefaultLifecycleExecutor.executeGoals(DefaultLifecycleExecutor.java:539)
      at org.apache.maven.lifecycle.DefaultLifecycleExecutor.executeGoalWithLifecycle(DefaultLifecycleExecutor.java:480)
      at org.apache.maven.lifecycle.DefaultLifecycleExecutor.forkProjectLifecycle(DefaultLifecycleExecutor.java:867)
      at org.apache.maven.lifecycle.DefaultLifecycleExecutor.forkLifecycle(DefaultLifecycleExecutor.java:739)
      at org.apache.maven.lifecycle.DefaultLifecycleExecutor.executeGoals(DefaultLifecycleExecutor.java:510)
      at org.apache.maven.lifecycle.DefaultLifecycleExecutor.executeStandaloneGoal(DefaultLifecycleExecutor.java:493)
      at org.apache.maven.lifecycle.DefaultLifecycleExecutor.executeGoal(DefaultLifecycleExecutor.java:463)
      at
      org.apache.maven.lifecycle.DefaultLifecycleExecutor.executeGoalAndHandleFailures(DefaultLifecycleExecutor.java:311)
      at org.apache.maven.lifecycle.DefaultLifecycleExecutor.executeTaskSegments(DefaultLifecycleExecutor.java:274)
      at org.apache.maven.lifecycle.DefaultLifecycleExecutor.execute(DefaultLifecycleExecutor.java:140)
      at org.apache.maven.DefaultMaven.doExecute(DefaultMaven.java:322)
      at org.apache.maven.DefaultMaven.execute(DefaultMaven.java:115)
      at org.apache.maven.cli.MavenCli.main(MavenCli.java:249)
      at sun.reflect.NativeMethodAccessorImpl.invoke0(Native Method)
      at sun.reflect.NativeMethodAccessorImpl.invoke(NativeMethodAccessorImpl.java:39)
      at sun.reflect.DelegatingMethodAccessorImpl.invoke(DelegatingMethodAccessorImpl.java:25)
      at java.lang.reflect.Method.invoke(Method.java:585)
      at org.codehaus.classworlds.Launcher.launchEnhanced(Launcher.java:315)
      at org.codehaus.classworlds.Launcher.launch(Launcher.java:255)
      at org.codehaus.classworlds.Launcher.mainWithExitCode(Launcher.java:430)
      at org.codehaus.classworlds.Launcher.main(Launcher.java:375)
    </failure>
  </testcase>
  <testcase time="0" name="testGreater">
    <failure type="junit.framework.AssertionFailedError" message="&gt;">junit.framework.AssertionFailedError: &gt;
      at junit.framework.Assert.fail(Assert.java:47)
      at NoPackageTest.testGreater(NoPackageTest.java:33)
      at sun.reflect.NativeMethodAccessorImpl.invoke0(Native Method)
      at sun.reflect.NativeMethodAccessorImpl.invoke(NativeMethodAccessorImpl.java:39)
      at sun.reflect.DelegatingMethodAccessorImpl.invoke(DelegatingMethodAccessorImpl.java:25)
      at java.lang.reflect.Method.invoke(Method.java:585)
      at junit.framework.TestCase.runTest(TestCase.java:154)
      at junit.framework.TestCase.runBare(TestCase.java:127)
      at junit.framework.TestResult$1.protect(TestResult.java:106)
      at junit.framework.TestResult.runProtected(TestResult.java:124)
      at junit.framework.TestResult.run(TestResult.java:109)
      at junit.framework.TestCase.run(TestCase.java:118)
      at junit.framework.TestSuite.runTest(TestSuite.java:208)
      at junit.framework.TestSuite.run(TestSuite.java:203)
      at sun.reflect.NativeMethodAccessorImpl.invoke0(Native Method)
      at sun.reflect.NativeMethodAccessorImpl.invoke(NativeMethodAccessorImpl.java:39)
      at sun.reflect.DelegatingMethodAccessorImpl.invoke(DelegatingMethodAccessorImpl.java:25)
      at java.lang.reflect.Method.invoke(Method.java:585)
      at org.apache.maven.surefire.battery.JUnitBattery.executeJUnit(JUnitBattery.java:242)
      at org.apache.maven.surefire.battery.JUnitBattery.execute(JUnitBattery.java:216)
      at org.apache.maven.surefire.Surefire.executeBattery(Surefire.java:215)
      at org.apache.maven.surefire.Surefire.run(Surefire.java:163)
      at org.apache.maven.surefire.Surefire.run(Surefire.java:87)
      at sun.reflect.NativeMethodAccessorImpl.invoke0(Native Method)
      at sun.reflect.NativeMethodAccessorImpl.invoke(NativeMethodAccessorImpl.java:39)
      at sun.reflect.DelegatingMethodAccessorImpl.invoke(DelegatingMethodAccessorImpl.java:25)
      at java.lang.reflect.Method.invoke(Method.java:585)
      at org.apache.maven.surefire.SurefireBooter.runTestsInProcess(SurefireBooter.java:300)
      at org.apache.maven.surefire.SurefireBooter.run(SurefireBooter.java:216)
      at org.apache.maven.test.SurefirePlugin.execute(SurefirePlugin.java:369)
      at org.apache.maven.plugin.DefaultPluginManager.executeMojo(DefaultPluginManager.java:415)
      at org.apache.maven.lifecycle.DefaultLifecycleExecutor.executeGoals(DefaultLifecycleExecutor.java:539)
      at org.apache.maven.lifecycle.DefaultLifecycleExecutor.executeGoalWithLifecycle(DefaultLifecycleExecutor.java:480)
      at org.apache.maven.lifecycle.DefaultLifecycleExecutor.forkProjectLifecycle(DefaultLifecycleExecutor.java:867)
      at org.apache.maven.lifecycle.DefaultLifecycleExecutor.forkLifecycle(DefaultLifecycleExecutor.java:739)
      at org.apache.maven.lifecycle.DefaultLifecycleExecutor.executeGoals(DefaultLifecycleExecutor.java:510)
      at org.apache.maven.lifecycle.DefaultLifecycleExecutor.executeStandaloneGoal(DefaultLifecycleExecutor.java:493)
      at org.apache.maven.lifecycle.DefaultLifecycleExecutor.executeGoal(DefaultLifecycleExecutor.java:463)
      at
      org.apache.maven.lifecycle.DefaultLifecycleExecutor.executeGoalAndHandleFailures(DefaultLifecycleExecutor.java:311)
      at org.apache.maven.lifecycle.DefaultLifecycleExecutor.executeTaskSegments(DefaultLifecycleExecutor.java:274)
      at org.apache.maven.lifecycle.DefaultLifecycleExecutor.execute(DefaultLifecycleExecutor.java:140)
      at org.apache.maven.DefaultMaven.doExecute(DefaultMaven.java:322)
      at org.apache.maven.DefaultMaven.execute(DefaultMaven.java:115)
      at org.apache.maven.cli.MavenCli.main(MavenCli.java:249)
      at sun.reflect.NativeMethodAccessorImpl.invoke0(Native Method)
      at sun.reflect.NativeMethodAccessorImpl.invoke(NativeMethodAccessorImpl.java:39)
      at sun.reflect.DelegatingMethodAccessorImpl.invoke(DelegatingMethodAccessorImpl.java:25)
      at java.lang.reflect.Method.invoke(Method.java:585)
      at org.codehaus.classworlds.Launcher.launchEnhanced(Launcher.java:315)
      at org.codehaus.classworlds.Launcher.launch(Launcher.java:255)
      at org.codehaus.classworlds.Launcher.mainWithExitCode(Launcher.java:430)
      at org.codehaus.classworlds.Launcher.main(Launcher.java:375)
    </failure>
  </testcase>
</testsuite>