-------------------------------------------------------------------------------
Test set: org.apache.maven.surefireReport.surefireReportTest.module1.MyDummyClassTest
-------------------------------------------------------------------------------
Tests run: 2, Failures: 1, Errors: 0, Skipped: 0, Time elapsed: 0.049 sec <<< FAILURE!
org.apache.maven.surefireReport.surefireReportTest.module1.MyDummyClassTest.testGetFooKO  Time elapsed: 0.01 sec  <<< FAILURE!
junit.framework.AssertionFailedError: expected:<18> but was:<42>
	at junit.framework.Assert.fail(Assert.java:47)
	at junit.framework.Assert.failNotEquals(Assert.java:280)
	at junit.framework.Assert.assertEquals(Assert.java:64)
	at junit.framework.Assert.assertEquals(Assert.java:198)
	at junit.framework.Assert.assertEquals(Assert.java:204)
	at org.apache.maven.surefireReport.surefireReportTest.module1.MyDummyClassTest.testGetFooKO(MyClassTest.java:10)

