<?xml version="1.0" encoding="UTF-8" ?>
<!--
  ~ Licensed to the Apache Software Foundation (ASF) under one
  ~ or more contributor license agreements.  See the NOTICE file
  ~ distributed with this work for additional information
  ~ regarding copyright ownership.  The ASF licenses this file
  ~ to you under the Apache License, Version 2.0 (the
  ~ "License"); you may not use this file except in compliance
  ~ with the License.  You may obtain a copy of the License at
  ~
  ~     http://www.apache.org/licenses/LICENSE-2.0
  ~
  ~ Unless required by applicable law or agreed to in writing,
  ~ software distributed under the License is distributed on an
  ~ "AS IS" BASIS, WITHOUT WARRANTIES OR CONDITIONS OF ANY
  ~ KIND, either express or implied.  See the License for the
  ~ specific language governing permissions and limitations
  ~ under the License.
  -->

<testsuite errors="0" tests="3" time="0.047" failures="3" name="NoPackageTest">
  <properties>
[...]
</properties>
  <testcase time="0" name="testQuote">
    <failure type="junit.framework.AssertionFailedError" message="&quot;">junit.framework.AssertionFailedError: &quot;
      at junit.framework.Assert.fail(Assert.java:47)
      at NoPackageTest.testQuote(NoPackageTest.java:23)
      at sun.reflect.NativeMethodAccessorImpl.invoke0(Native Method)
      at sun.reflect.NativeMethodAccessorImpl.invoke(NativeMethodAccessorImpl.java:39)
      at sun.reflect.DelegatingMethodAccessorImpl.invoke(DelegatingMethodAccessorImpl.java:25)
      at java.lang.reflect.Method.invoke(Method.java:585)
      at junit.framework.TestCase.runTest(TestCase.java:154)
      at junit.framework.TestCase.runBare(TestCase.java:127)
      at junit.framework.TestResult$1.protect(TestResult.java:106)
      at junit.framework.TestResult.runProtected(TestResult.java:124)
      at junit.framework.TestResult.run(TestResult.java:109)
      at junit.framework.TestCase.run(TestCase.java:118)
      at junit.framework.TestSuite.runTest(TestSuite.java:208)
      at junit.framework.TestSuite.run(TestSuite.java:203)
      at sun.reflect.NativeMethodAccessorImpl.invoke0(Native Method)
      at sun.reflect.NativeMethodAccessorImpl.invoke(NativeMethodAccessorImpl.java:39)
      at sun.reflect.DelegatingMethodAccessorImpl.invoke(DelegatingMethodAccessorImpl.java:25)
      at java.lang.reflect.Method.invoke(Method.java:585)
      at org.apache.maven.surefire.battery.JUnitBattery.executeJUnit(JUnitBattery.java:242)
      at org.apache.maven.surefire.battery.JUnitBattery.execute(JUnitBattery.java:216)
      at org.apache.maven.surefire.Surefire.executeBattery(Surefire.java:215)
      at org.apache.maven.surefire.Surefire.run(Surefire.java:163)
      at org.apache.maven.surefire.Surefire.run(Surefire.java:87)
      at sun.reflect.NativeMethodAccessorImpl.invoke0(Native Method)
      at sun.reflect.NativeMethodAccessorImpl.invoke(NativeMethodAccessorImpl.java:39)
      at sun.reflect.DelegatingMethodAccessorImpl.invoke(DelegatingMethodAccessorImpl.java:25)
      at java.lang.reflect.Method.invoke(Method.java:585)
      at org.apache.maven.surefire.SurefireBooter.runTestsInProcess(SurefireBooter.java:300)
      at org.apache.maven.surefire.SurefireBooter.run(SurefireBooter.java:216)
      at org.apache.maven.test.SurefirePlugin.execute(SurefirePlugin.java:369)
      at org.apache.maven.plugin.DefaultPluginManager.executeMojo(DefaultPluginManager.java:415)
      at org.apache.maven.lifecycle.DefaultLifecycleExecutor.executeGoals(DefaultLifecycleExecutor.java:539)
      at org.apache.maven.lifecycle.DefaultLifecycleExecutor.executeGoalWithLifecycle(DefaultLifecycleExecutor.java:480)
      at org.apache.maven.lifecycle.DefaultLifecycleExecutor.forkProjectLifecycle(DefaultLifecycleExecutor.java:867)
      at org.apache.maven.lifecycle.DefaultLifecycleExecutor.forkLifecycle(DefaultLifecycleExecutor.java:739)
      at org.apache.maven.lifecycle.DefaultLifecycleExecutor.executeGoals(DefaultLifecycleExecutor.java:510)
      at org.apache.maven.lifecycle.DefaultLifecycleExecutor.executeStandaloneGoal(DefaultLifecycleExecutor.java:493)
      at org.apache.maven.lifecycle.DefaultLifecycleExecutor.executeGoal(DefaultLifecycleExecutor.java:463)
      at
      org.apache.maven.lifecycle.DefaultLifecycleExecutor.executeGoalAndHandleFailures(DefaultLifecycleExecutor.java:311)
      at org.apache.maven.lifecycle.DefaultLifecycleExecutor.executeTaskSegments(DefaultLifecycleExecutor.java:274)
      at org.apache.maven.lifecycle.DefaultLifecycleExecutor.execute(DefaultLifecycleExecutor.java:140)
      at org.apache.maven.DefaultMaven.doExecute(DefaultMaven.java:322)
      at org.apache.maven.DefaultMaven.execute(DefaultMaven.java:115)
      at org.apache.maven.cli.MavenCli.main(MavenCli.java:249)
      at sun.reflect.NativeMethodAccessorImpl.invoke0(Native Method)
      at sun.reflect.NativeMethodAccessorImpl.invoke(NativeMethodAccessorImpl.java:39)
      at sun.reflect.DelegatingMethodAccessorImpl.invoke(DelegatingMethodAccessorImpl.java:25)
      at java.lang.reflect.Method.invoke(Method.java:585)
      at org.codehaus.classworlds.Launcher.launchEnhanced(Launcher.java:315)
      at org.codehaus.classworlds.Launcher.launch(Launcher.java:255)
      at org.codehaus.classworlds.Launcher.mainWithExitCode(Launcher.java:430)
      at org.codehaus.classworlds.Launcher.main(Launcher.java:375)
    </failure>
  </testcase>
  <testcase time="0" name="testLower">
    <failure type="junit.framework.AssertionFailedError" message="&lt;">junit.framework.AssertionFailedError: &lt;
      at junit.framework.Assert.fail(Assert.java:47)
      at NoPackageTest.testLower(NoPackageTest.java:28)
      at sun.reflect.NativeMethodAccessorImpl.invoke0(Native Method)
      at sun.reflect.NativeMethodAccessorImpl.invoke(NativeMethodAccessorImpl.java:39)
      at sun.reflect.DelegatingMethodAccessorImpl.invoke(DelegatingMethodAccessorImpl.java:25)
      at java.lang.reflect.Method.invoke(Method.java:585)
      at junit.framework.TestCase.runTest(TestCase.java:154)
      at junit.framework.TestCase.runBare(TestCase.java:127)
      at junit.framework.TestResult$1.protect(TestResult.java:106)
      at junit.framework.TestResult.runProtected(TestResult.java:124)
      at junit.framework.TestResult.run(TestResult.java:109)
      at junit.framework.TestCase.run(TestCase.java:118)
      at junit.framework.TestSuite.runTest(TestSuite.java:208)
      at junit.framework.TestSuite.run(TestSuite.java:203)
      at sun.reflect.NativeMethodAccessorImpl.invoke0(Native Method)
      at sun.reflect.NativeMethodAccessorImpl.invoke(NativeMethodAccessorImpl.java:39)
      at sun.reflect.DelegatingMethodAccessorImpl.invoke(DelegatingMethodAccessorImpl.java:25)
      at java.lang.reflect.Method.invoke(Method.java:585)
      at org.apache.maven.surefire.battery.JUnitBattery.executeJUnit(JUnitBattery.java:242)
      at org.apache.maven.surefire.battery.JUnitBattery.execute(JUnitBattery.java:216)
      at org.apache.maven.surefire.Surefire.executeBattery(Surefire.java:215)
      at org.apache.maven.surefire.Surefire.run(Surefire.java:163)
      at org.apache.maven.surefire.Surefire.run(Surefire.java:87)
      at sun.reflect.NativeMethodAccessorImpl.invoke0(Native Method)
      at sun.reflect.NativeMethodAccessorImpl.invoke(NativeMethodAccessorImpl.java:39)
      at sun.reflect.DelegatingMethodAccessorImpl.invoke(DelegatingMethodAccessorImpl.java:25)
      at java.lang.reflect.Method.invoke(Method.java:585)
      at org.apache.maven.surefire.SurefireBooter.runTestsInProcess(SurefireBooter.java:300)
      at org.apache.maven.surefire.SurefireBooter.run(SurefireBooter.java:216)
      at org.apache.maven.test.SurefirePlugin.execute(SurefirePlugin.java:369)
      at org.apache.maven.plugin.DefaultPluginManager.executeMojo(DefaultPluginManager.java:415)
      at org.apache.maven.lifecycle.DefaultLifecycleExecutor.executeGoals(DefaultLifecycleExecutor.java:539)
      at org.apache.maven.lifecycle.DefaultLifecycleExecutor.executeGoalWithLifecycle(DefaultLifecycleExecutor.java:480)
      at org.apache.maven.lifecycle.DefaultLifecycleExecutor.forkProjectLifecycle(DefaultLifecycleExecutor.java:867)
      at org.apache.maven.lifecycle.DefaultLifecycleExecutor.forkLifecycle(DefaultLifecycleExecutor.java:739)
      at org.apache.maven.lifecycle.DefaultLifecycleExecutor.executeGoals(DefaultLifecycleExecutor.java:510)
      at org.apache.maven.lifecycle.DefaultLifecycleExecutor.executeStandaloneGoal(DefaultLifecycleExecutor.java:493)
      at org.apache.maven.lifecycle.DefaultLifecycleExecutor.executeGoal(DefaultLifecycleExecutor.java:463)
      at
      org.apache.maven.lifecycle.DefaultLifecycleExecutor.executeGoalAndHandleFailures(DefaultLifecycleExecutor.java:311)
      at org.apache.maven.lifecycle.DefaultLifecycleExecutor.executeTaskSegments(DefaultLifecycleExecutor.java:274)
      at org.apache.maven.lifecycle.DefaultLifecycleExecutor.execute(DefaultLifecycleExecutor.java:140)
      at org.apache.maven.DefaultMaven.doExecute(DefaultMaven.java:322)
      at org.apache.maven.DefaultMaven.execute(DefaultMaven.java:115)
      at org.apache.maven.cli.MavenCli.main(MavenCli.java:249)
      at sun.reflect.NativeMethodAccessorImpl.invoke0(Native Method)
      at sun.reflect.NativeMethodAccessorImpl.invoke(NativeMethodAccessorImpl.java:39)
      at sun.reflect.DelegatingMethodAccessorImpl.invoke(DelegatingMethodAccessorImpl.java:25)
      at java.lang.reflect.Method.invoke(Method.java:585)
      at org.codehaus.classworlds.Launcher.launchEnhanced(Launcher.java:315)
      at org.codehaus.classworlds.Launcher.launch(Launcher.java:255)
      at org.codehaus.classworlds.Launcher.mainWithExitCode(Launcher.java:430)
      at org.codehaus.classworlds.Launcher.main(Launcher.java:375)
    </failure>
  </testcase>
  <testcase time="0" name="testGreater">
    <failure type="junit.framework.AssertionFailedError" message="&gt;">junit.framework.AssertionFailedError: &gt;
      at junit.framework.Assert.fail(Assert.java:47)
      at NoPackageTest.testGreater(NoPackageTest.java:33)
      at sun.reflect.NativeMethodAccessorImpl.invoke0(Native Method)
      at sun.reflect.NativeMethodAccessorImpl.invoke(NativeMethodAccessorImpl.java:39)
      at sun.reflect.DelegatingMethodAccessorImpl.invoke(DelegatingMethodAccessorImpl.java:25)
      at java.lang.reflect.Method.invoke(Method.java:585)
      at junit.framework.TestCase.runTest(TestCase.java:154)
      at junit.framework.TestCase.runBare(TestCase.java:127)
      at junit.framework.TestResult$1.protect(TestResult.java:106)
      at junit.framework.TestResult.runProtected(TestResult.java:124)
      at junit.framework.TestResult.run(TestResult.java:109)
      at junit.framework.TestCase.run(TestCase.java:118)
      at junit.framework.TestSuite.runTest(TestSuite.java:208)
      at junit.framework.TestSuite.run(TestSuite.java:203)
      at sun.reflect.NativeMethodAccessorImpl.invoke0(Native Method)
      at sun.reflect.NativeMethodAccessorImpl.invoke(NativeMethodAccessorImpl.java:39)
      at sun.reflect.DelegatingMethodAccessorImpl.invoke(DelegatingMethodAccessorImpl.java:25)
      at java.lang.reflect.Method.invoke(Method.java:585)
      at org.apache.maven.surefire.battery.JUnitBattery.executeJUnit(JUnitBattery.java:242)
      at org.apache.maven.surefire.battery.JUnitBattery.execute(JUnitBattery.java:216)
      at org.apache.maven.surefire.Surefire.executeBattery(Surefire.java:215)
      at org.apache.maven.surefire.Surefire.run(Surefire.java:163)
      at org.apache.maven.surefire.Surefire.run(Surefire.java:87)
      at sun.reflect.NativeMethodAccessorImpl.invoke0(Native Method)
      at sun.reflect.NativeMethodAccessorImpl.invoke(NativeMethodAccessorImpl.java:39)
      at sun.reflect.DelegatingMethodAccessorImpl.invoke(DelegatingMethodAccessorImpl.java:25)
      at java.lang.reflect.Method.invoke(Method.java:585)
      at org.apache.maven.surefire.SurefireBooter.runTestsInProcess(SurefireBooter.java:300)
      at org.apache.maven.surefire.SurefireBooter.run(SurefireBooter.java:216)
      at org.apache.maven.test.SurefirePlugin.execute(SurefirePlugin.java:369)
      at org.apache.maven.plugin.DefaultPluginManager.executeMojo(DefaultPluginManager.java:415)
      at org.apache.maven.lifecycle.DefaultLifecycleExecutor.executeGoals(DefaultLifecycleExecutor.java:539)
      at org.apache.maven.lifecycle.DefaultLifecycleExecutor.executeGoalWithLifecycle(DefaultLifecycleExecutor.java:480)
      at org.apache.maven.lifecycle.DefaultLifecycleExecutor.forkProjectLifecycle(DefaultLifecycleExecutor.java:867)
      at org.apache.maven.lifecycle.DefaultLifecycleExecutor.forkLifecycle(DefaultLifecycleExecutor.java:739)
      at org.apache.maven.lifecycle.DefaultLifecycleExecutor.executeGoals(DefaultLifecycleExecutor.java:510)
      at org.apache.maven.lifecycle.DefaultLifecycleExecutor.executeStandaloneGoal(DefaultLifecycleExecutor.java:493)
      at org.apache.maven.lifecycle.DefaultLifecycleExecutor.executeGoal(DefaultLifecycleExecutor.java:463)
      at
      org.apache.maven.lifecycle.DefaultLifecycleExecutor.executeGoalAndHandleFailures(DefaultLifecycleExecutor.java:311)
      at org.apache.maven.lifecycle.DefaultLifecycleExecutor.executeTaskSegments(DefaultLifecycleExecutor.java:274)
      at org.apache.maven.lifecycle.DefaultLifecycleExecutor.execute(DefaultLifecycleExecutor.java:140)
      at org.apache.maven.DefaultMaven.doExecute(DefaultMaven.java:322)
      at org.apache.maven.DefaultMaven.execute(DefaultMaven.java:115)
      at org.apache.maven.cli.MavenCli.main(MavenCli.java:249)
      at sun.reflect.NativeMethodAccessorImpl.invoke0(Native Method)
      at sun.reflect.NativeMethodAccessorImpl.invoke(NativeMethodAccessorImpl.java:39)
      at sun.reflect.DelegatingMethodAccessorImpl.invoke(DelegatingMethodAccessorImpl.java:25)
      at java.lang.reflect.Method.invoke(Method.java:585)
      at org.codehaus.classworlds.Launcher.launchEnhanced(Launcher.java:315)
      at org.codehaus.classworlds.Launcher.launch(Launcher.java:255)
      at org.codehaus.classworlds.Launcher.mainWithExitCode(Launcher.java:430)
      at org.codehaus.classworlds.Launcher.main(Launcher.java:375)
    </failure>
  </testcase>
</testsuite>